#-----------------------------------------------------------
# Vivado v2024.2 (64-bit)
# SW Build 5239630 on Fri Nov 08 22:34:34 MST 2024
# IP Build 5239520 on Sun Nov 10 16:12:51 MST 2024
# SharedData Build 5239561 on Fri Nov 08 14:39:27 MST 2024
# Start of session at: Tue Mar 25 12:57:46 2025
# Process ID         : 96415
# Current directory  : /home/rolegend/Desktop/seniorDesign
# Command line       : vivado
# Log file           : /home/rolegend/Desktop/seniorDesign/vivado.log
# Journal file       : /home/rolegend/Desktop/seniorDesign/vivado.jou
# Running On         : LinuxMachine-Roe
# Platform           : Ubuntu
# Operating System   : Ubuntu 24.04.1 LTS
# Processor Detail   : AMD FX(tm)-6300 Six-Core Processor
# CPU Frequency      : 2733.122 MHz
# CPU Physical cores : 6
# CPU Logical cores  : 6
# Host memory        : 29305 MB
# Swap memory        : 2147 MB
# Total Virtual      : 31453 MB
# Available Virtual  : 24548 MB
#-----------------------------------------------------------
start_gui
create_project project_audio /home/rolegend/Desktop/Zed/project_audio -part xc7z020clg484-1
INFO: [IP_Flow 19-234] Refreshing IP repositories
INFO: [IP_Flow 19-1704] No user IP repositories specified
INFO: [IP_Flow 19-2313] Loaded Vivado IP repository '/tools/Xilinx/Vivado/2024.2/data/ip'.
set_property board_part avnet.com:zedboard:part0:1.4 [current_project]
add_files -fileset constrs_1 -norecurse /home/rolegend/Desktop/Zed/zedboard_master_XDC_RevC_D_v3.xdc
create_bd_design "design_1"
Wrote  : </home/rolegend/Desktop/Zed/project_audio/project_audio.srcs/sources_1/bd/design_1/design_1.bd> 
create_bd_design: Time (s): cpu = 00:00:08 ; elapsed = 00:00:06 . Memory (MB): peak = 7748.754 ; gain = 84.148 ; free physical = 14202 ; free virtual = 22739
update_compile_order -fileset sources_1
startgroup
create_bd_cell -type ip -vlnv xilinx.com:ip:audio_formatter:1.0 audio_formatter_0
endgroup
delete_bd_objs [get_bd_cells audio_formatter_0]
startgroup
create_bd_cell -type ip -vlnv xilinx.com:ip:audio_formatter:1.0 audio_formatter_0
endgroup
delete_bd_objs [get_bd_cells audio_formatter_0]
exit
INFO: [Common 17-206] Exiting Vivado at Tue Mar 25 13:49:19 2025...
